{
  "stats": {
    "suites": 1,
    "tests": 2,
    "passes": 2,
    "pending": 0,
    "failures": 0,
    "start": "2017-09-08T22:38:35.672Z",
    "end": "2017-09-08T22:38:40.029Z",
    "duration": 4357,
    "testsRegistered": 2,
    "passPercent": 100,
    "pendingPercent": 0,
    "other": 0,
    "hasOther": false,
    "skipped": 0,
    "hasSkipped": false,
    "passPercentClass": "success",
    "pendingPercentClass": "danger"
  },
  "suites": {
    "title": "",
    "suites": [
      {
        "title": "Testsuite ",
        "suites": [],
        "tests": [
          {
            "title": "Testcase1",
            "fullTitle": "Testsuite  Testcase1",
            "timedOut": false,
            "duration": 3004,
            "state": "passed",
            "speed": "slow",
            "pass": true,
            "fail": false,
            "pending": false,
            "code": "this.timeout(5000);\ndriver.get('https://library-app.firebaseapp.com/')\n    .then(_ => driver.findElement({css: \"#ember318\"}).sendKeys(\"asd@email.com\"))\n    .then(_ => driver.findElement(By.css(\"button.btn-block\")).click())\n    .then(_ => driver.wait(until.elementLocated(By.css(\"div.alert-success\"))), 6000) // explicitly wait for an element for 2 secconds\n    .then(_ => driver.findElement(By.css(\"div.alert-success\")).getText())\n    .then(txt => console.log(\"Text is \" + txt));\nsetTimeout(done, 3000);",
            "err": {},
            "isRoot": false,
            "uuid": "542669a5-1deb-4a11-9619-24c7344ffb21",
            "parentUUID": "92d32076-2833-4012-a945-5758d3323b1e",
            "isHook": false,
            "skipped": false
          },
          {
            "title": "Testcase2",
            "fullTitle": "Testsuite  Testcase2",
            "timedOut": false,
            "duration": 246,
            "state": "passed",
            "speed": "slow",
            "pass": true,
            "fail": false,
            "pending": false,
            "code": "driver.findElements(By.css(\"#main-navbar li\"))\n    .then(_ => driver.findElements(By.css(\"#main-navbar li\")))\n    .then(elements => {\n        for (i = 0; i < elements.length; i++) {\n            elements[i].getText().then(txt => {\n                console.log(txt);\n            })\n        }\n    })",
            "err": {},
            "isRoot": false,
            "uuid": "4fd91f72-91e9-4437-951d-ead0ecf0cc67",
            "parentUUID": "92d32076-2833-4012-a945-5758d3323b1e",
            "isHook": false,
            "skipped": false
          }
        ],
        "pending": [],
        "root": false,
        "_timeout": 2000,
        "file": "/mochatest01.js",
        "uuid": "92d32076-2833-4012-a945-5758d3323b1e",
        "beforeHooks": [
          {
            "title": "\"before all\" hook: ret",
            "fullTitle": "Testsuite  \"before all\" hook: ret",
            "timedOut": false,
            "duration": 1044,
            "pass": false,
            "fail": false,
            "pending": false,
            "code": "driver = new webdriver.Builder().withCapabilities(webdriver.Capabilities.chrome()).build();\ndriver.manage().window().maximize();\ndriver.manage().deleteAllCookies();",
            "err": {},
            "isRoot": false,
            "uuid": "015f204f-8ee2-4f7c-99f6-a640b924710b",
            "parentUUID": "92d32076-2833-4012-a945-5758d3323b1e",
            "isHook": true,
            "skipped": false
          }
        ],
        "afterHooks": [
          {
            "title": "\"after all\" hook: ret",
            "fullTitle": "Testsuite  \"after all\" hook: ret",
            "timedOut": false,
            "duration": 53,
            "pass": false,
            "fail": false,
            "pending": false,
            "code": "driver.quit();",
            "err": {},
            "isRoot": false,
            "uuid": "2e4ee614-77de-4a62-a1c0-93d2b1599469",
            "parentUUID": "92d32076-2833-4012-a945-5758d3323b1e",
            "isHook": true,
            "skipped": false
          }
        ],
        "fullFile": "/Users/jmo51/Desktop/javascript/webdriverjs/conquerjs/mochatest01.js",
        "passes": [
          {
            "title": "Testcase1",
            "fullTitle": "Testsuite  Testcase1",
            "timedOut": false,
            "duration": 3004,
            "state": "passed",
            "speed": "slow",
            "pass": true,
            "fail": false,
            "pending": false,
            "code": "this.timeout(5000);\ndriver.get('https://library-app.firebaseapp.com/')\n    .then(_ => driver.findElement({css: \"#ember318\"}).sendKeys(\"asd@email.com\"))\n    .then(_ => driver.findElement(By.css(\"button.btn-block\")).click())\n    .then(_ => driver.wait(until.elementLocated(By.css(\"div.alert-success\"))), 6000) // explicitly wait for an element for 2 secconds\n    .then(_ => driver.findElement(By.css(\"div.alert-success\")).getText())\n    .then(txt => console.log(\"Text is \" + txt));\nsetTimeout(done, 3000);",
            "err": {},
            "isRoot": false,
            "uuid": "542669a5-1deb-4a11-9619-24c7344ffb21",
            "parentUUID": "92d32076-2833-4012-a945-5758d3323b1e",
            "isHook": false,
            "skipped": false
          },
          {
            "title": "Testcase2",
            "fullTitle": "Testsuite  Testcase2",
            "timedOut": false,
            "duration": 246,
            "state": "passed",
            "speed": "slow",
            "pass": true,
            "fail": false,
            "pending": false,
            "code": "driver.findElements(By.css(\"#main-navbar li\"))\n    .then(_ => driver.findElements(By.css(\"#main-navbar li\")))\n    .then(elements => {\n        for (i = 0; i < elements.length; i++) {\n            elements[i].getText().then(txt => {\n                console.log(txt);\n            })\n        }\n    })",
            "err": {},
            "isRoot": false,
            "uuid": "4fd91f72-91e9-4437-951d-ead0ecf0cc67",
            "parentUUID": "92d32076-2833-4012-a945-5758d3323b1e",
            "isHook": false,
            "skipped": false
          }
        ],
        "failures": [],
        "skipped": [],
        "hasBeforeHooks": true,
        "hasAfterHooks": true,
        "hasTests": true,
        "hasSuites": false,
        "totalTests": 2,
        "totalPasses": 2,
        "totalFailures": 0,
        "totalPending": 0,
        "totalSkipped": 0,
        "hasPasses": true,
        "hasFailures": false,
        "hasPending": false,
        "hasSkipped": false,
        "duration": 3250,
        "rootEmpty": false
      }
    ],
    "tests": [],
    "pending": [],
    "root": true,
    "_timeout": 2000,
    "uuid": "eafc33d0-331c-4e25-97e2-3b0d668f5546",
    "beforeHooks": [],
    "afterHooks": [],
    "fullFile": "",
    "file": "",
    "passes": [],
    "failures": [],
    "skipped": [],
    "hasBeforeHooks": false,
    "hasAfterHooks": false,
    "hasTests": false,
    "hasSuites": true,
    "totalTests": 0,
    "totalPasses": 0,
    "totalFailures": 0,
    "totalPending": 0,
    "totalSkipped": 0,
    "hasPasses": false,
    "hasFailures": false,
    "hasPending": false,
    "hasSkipped": false,
    "duration": 0,
    "rootEmpty": true
  },
  "allTests": [
    {
      "title": "Testcase1",
      "fullTitle": "Testsuite  Testcase1",
      "timedOut": false,
      "duration": 3004,
      "state": "passed",
      "speed": "slow",
      "pass": true,
      "fail": false,
      "pending": false,
      "code": "this.timeout(5000);\ndriver.get('https://library-app.firebaseapp.com/')\n    .then(_ => driver.findElement({css: \"#ember318\"}).sendKeys(\"asd@email.com\"))\n    .then(_ => driver.findElement(By.css(\"button.btn-block\")).click())\n    .then(_ => driver.wait(until.elementLocated(By.css(\"div.alert-success\"))), 6000) // explicitly wait for an element for 2 secconds\n    .then(_ => driver.findElement(By.css(\"div.alert-success\")).getText())\n    .then(txt => console.log(\"Text is \" + txt));\nsetTimeout(done, 3000);",
      "err": {},
      "isRoot": false,
      "uuid": "542669a5-1deb-4a11-9619-24c7344ffb21",
      "parentUUID": "92d32076-2833-4012-a945-5758d3323b1e",
      "isHook": false,
      "skipped": false
    },
    {
      "title": "Testcase2",
      "fullTitle": "Testsuite  Testcase2",
      "timedOut": false,
      "duration": 246,
      "state": "passed",
      "speed": "slow",
      "pass": true,
      "fail": false,
      "pending": false,
      "code": "driver.findElements(By.css(\"#main-navbar li\"))\n    .then(_ => driver.findElements(By.css(\"#main-navbar li\")))\n    .then(elements => {\n        for (i = 0; i < elements.length; i++) {\n            elements[i].getText().then(txt => {\n                console.log(txt);\n            })\n        }\n    })",
      "err": {},
      "isRoot": false,
      "uuid": "4fd91f72-91e9-4437-951d-ead0ecf0cc67",
      "parentUUID": "92d32076-2833-4012-a945-5758d3323b1e",
      "isHook": false,
      "skipped": false
    }
  ],
  "allPending": [],
  "allPasses": [
    {
      "title": "Testcase1",
      "fullTitle": "Testsuite  Testcase1",
      "timedOut": false,
      "duration": 3004,
      "state": "passed",
      "speed": "slow",
      "pass": true,
      "fail": false,
      "pending": false,
      "code": "this.timeout(5000);\ndriver.get('https://library-app.firebaseapp.com/')\n    .then(_ => driver.findElement({css: \"#ember318\"}).sendKeys(\"asd@email.com\"))\n    .then(_ => driver.findElement(By.css(\"button.btn-block\")).click())\n    .then(_ => driver.wait(until.elementLocated(By.css(\"div.alert-success\"))), 6000) // explicitly wait for an element for 2 secconds\n    .then(_ => driver.findElement(By.css(\"div.alert-success\")).getText())\n    .then(txt => console.log(\"Text is \" + txt));\nsetTimeout(done, 3000);",
      "err": {},
      "isRoot": false,
      "uuid": "542669a5-1deb-4a11-9619-24c7344ffb21",
      "parentUUID": "92d32076-2833-4012-a945-5758d3323b1e",
      "isHook": false,
      "skipped": false
    },
    {
      "title": "Testcase2",
      "fullTitle": "Testsuite  Testcase2",
      "timedOut": false,
      "duration": 246,
      "state": "passed",
      "speed": "slow",
      "pass": true,
      "fail": false,
      "pending": false,
      "code": "driver.findElements(By.css(\"#main-navbar li\"))\n    .then(_ => driver.findElements(By.css(\"#main-navbar li\")))\n    .then(elements => {\n        for (i = 0; i < elements.length; i++) {\n            elements[i].getText().then(txt => {\n                console.log(txt);\n            })\n        }\n    })",
      "err": {},
      "isRoot": false,
      "uuid": "4fd91f72-91e9-4437-951d-ead0ecf0cc67",
      "parentUUID": "92d32076-2833-4012-a945-5758d3323b1e",
      "isHook": false,
      "skipped": false
    }
  ],
  "allFailures": [],
  "copyrightYear": 2017
}